2017-06-27 00:13:50,288 INFO  [org.eclim.eclipse.EclimDaemon] Workspace: /home/paul/Documents/GitHub/EoP/Chap 10
2017-06-27 00:13:50,305 INFO  [org.eclim.eclipse.EclimDaemon] Home: /home/paul/eclipse/java-neon/eclipse/plugins/org.eclim_2.6.0/
2017-06-27 00:13:50,305 INFO  [org.eclim.eclipse.EclimDaemon] Starting eclim...
2017-06-27 00:13:50,314 INFO  [org.eclim.eclipse.EclimDaemon] Loading plugin org.eclim
2017-06-27 00:13:50,324 INFO  [org.eclim.eclipse.EclimDaemon] Loading plugin org.eclim.core
2017-06-27 00:13:50,568 INFO  [org.eclim.plugin.core.CorePlugin] Loading eclim plugins...
2017-06-27 00:13:50,580 INFO  [org.eclim.plugin.core.CorePlugin] Loading plugin org.eclim.wst
2017-06-27 00:13:50,583 INFO  [org.eclim.plugin.core.CorePlugin] Loading plugin org.eclim.jdt
2017-06-27 00:13:50,583 INFO  [org.eclim.plugin.core.CorePlugin] Loading plugin org.eclim.groovy
2017-06-27 00:13:50,585 INFO  [org.eclim.plugin.core.CorePlugin] Loading plugin org.eclim.adt
2017-06-27 00:13:50,588 INFO  [org.eclim.plugin.core.CorePlugin] Plugins loaded.
2017-06-27 00:13:50,589 INFO  [org.eclim.eclipse.EclimDaemon] Loaded plugin org.eclim.core
2017-06-27 00:13:50,590 INFO  [org.eclim.eclipse.EclimDaemon] Waiting on running jobs before starting eclimd...
2017-06-27 00:13:56,592 INFO  [org.eclim.eclipse.EclimDaemon] Jobs finished.
2017-06-27 00:13:56,592 INFO  [org.eclim.eclipse.EclimDaemon] Eclim Server Started on: 127.0.0.1:9091
2017-06-27 00:15:50,371 INFO  [org.eclim.eclipse.EclimDaemon] Shutting down eclim...
2017-06-27 00:15:50,380 INFO  [org.eclim.eclipse.EclimDaemon] Stopping plugin org.eclim.core
2017-06-27 00:15:50,381 INFO  [org.eclim.plugin.core.CorePlugin] Stopping plugin org.eclim.wst
2017-06-27 00:15:50,382 INFO  [org.eclim.plugin.core.CorePlugin] Stopping plugin org.eclim.jdt
2017-06-27 00:15:50,382 INFO  [org.eclim.plugin.core.CorePlugin] Stopping plugin org.eclim.groovy
2017-06-27 00:15:50,383 INFO  [org.eclim.plugin.core.CorePlugin] Stopping plugin org.eclim.adt
2017-06-27 00:15:50,383 INFO  [org.eclim.eclipse.EclimDaemon] Eclim stopped.
