2017-06-21 17:16:14,520 INFO  [org.eclim.eclipse.EclimDaemon] Workspace: /home/paul/Documents/GitHub/EoP/Chap 8/Documents/GitHub/EoP/Chap 8
2017-06-21 17:16:14,577 INFO  [org.eclim.eclipse.EclimDaemon] Home: /home/paul/eclipse/java-neon/eclipse/plugins/org.eclim_2.6.0/
2017-06-21 17:16:14,577 INFO  [org.eclim.eclipse.EclimDaemon] Starting eclim...
2017-06-21 17:16:14,600 INFO  [org.eclim.eclipse.EclimDaemon] Loading plugin org.eclim
2017-06-21 17:16:14,610 INFO  [org.eclim.eclipse.EclimDaemon] Loading plugin org.eclim.core
2017-06-21 17:16:14,882 INFO  [org.eclim.plugin.core.CorePlugin] Loading eclim plugins...
2017-06-21 17:16:14,920 INFO  [org.eclim.plugin.core.CorePlugin] Loading plugin org.eclim.wst
2017-06-21 17:16:14,928 INFO  [org.eclim.plugin.core.CorePlugin] Loading plugin org.eclim.jdt
2017-06-21 17:16:14,928 INFO  [org.eclim.plugin.core.CorePlugin] Loading plugin org.eclim.groovy
2017-06-21 17:16:14,929 INFO  [org.eclim.plugin.core.CorePlugin] Loading plugin org.eclim.adt
2017-06-21 17:16:14,930 INFO  [org.eclim.plugin.core.CorePlugin] Plugins loaded.
2017-06-21 17:16:14,931 INFO  [org.eclim.eclipse.EclimDaemon] Loaded plugin org.eclim.core
2017-06-21 17:16:14,939 INFO  [org.eclim.eclipse.EclimDaemon] Waiting on running jobs before starting eclimd...
2017-06-21 17:16:24,958 INFO  [org.eclim.eclipse.EclimDaemon] Jobs finished.
2017-06-21 17:16:24,958 INFO  [org.eclim.eclipse.EclimDaemon] Eclim Server Started on: 127.0.0.1:9091
2017-06-21 17:24:42,465 INFO  [org.eclim.eclipse.EclimDaemon] Shutting down eclim...
2017-06-21 17:24:42,473 INFO  [org.eclim.eclipse.EclimDaemon] Stopping plugin org.eclim.core
2017-06-21 17:24:42,474 INFO  [org.eclim.plugin.core.CorePlugin] Stopping plugin org.eclim.wst
2017-06-21 17:24:42,475 INFO  [org.eclim.plugin.core.CorePlugin] Stopping plugin org.eclim.jdt
2017-06-21 17:24:42,476 INFO  [org.eclim.plugin.core.CorePlugin] Stopping plugin org.eclim.groovy
2017-06-21 17:24:42,476 INFO  [org.eclim.plugin.core.CorePlugin] Stopping plugin org.eclim.adt
2017-06-21 17:24:42,477 INFO  [org.eclim.eclipse.EclimDaemon] Eclim stopped.
