2017-06-20 10:12:27,423 INFO  [org.eclim.eclipse.EclimDaemon] Workspace: C:/Users/Paul Seo/Documents/GitHub/EoP/Chap 8
2017-06-20 10:12:27,465 INFO  [org.eclim.eclipse.EclimDaemon] Home: C:\Users\Paul Seo\java-neon\eclipse\plugins\org.eclim_2.6.0\
2017-06-20 10:12:27,469 INFO  [org.eclim.eclipse.EclimDaemon] Starting eclim...
2017-06-20 10:12:27,527 INFO  [org.eclim.eclipse.EclimDaemon] Loading plugin org.eclim
2017-06-20 10:12:27,543 INFO  [org.eclim.eclipse.EclimDaemon] Loading plugin org.eclim.core
2017-06-20 10:12:27,801 INFO  [org.eclim.plugin.core.CorePlugin] Loading eclim plugins...
2017-06-20 10:12:27,849 INFO  [org.eclim.plugin.core.CorePlugin] Loading plugin org.eclim.adt
2017-06-20 10:12:27,900 INFO  [org.eclim.plugin.core.CorePlugin] Loading plugin org.eclim.groovy
2017-06-20 10:12:27,935 INFO  [org.eclim.plugin.core.CorePlugin] Loading plugin org.eclim.jdt
2017-06-20 10:12:27,945 INFO  [org.eclim.plugin.core.CorePlugin] Loading plugin org.eclim.wst
2017-06-20 10:12:27,953 INFO  [org.eclim.plugin.core.CorePlugin] Plugins loaded.
2017-06-20 10:12:27,981 INFO  [org.eclim.eclipse.EclimDaemon] Loaded plugin org.eclim.core
2017-06-20 10:12:27,985 INFO  [org.eclim.eclipse.EclimDaemon] Waiting on running jobs before starting eclimd...
2017-06-20 10:12:55,228 INFO  [org.eclim.eclipse.EclimDaemon] Jobs finished.
2017-06-20 10:12:55,228 INFO  [org.eclim.eclipse.EclimDaemon] Eclim Server Started on: 127.0.0.1:9091
2017-06-20 10:12:55,276 ERROR [org.eclim.eclipse.EclimDaemon] Error starting eclim:
java.lang.RuntimeException: java.net.BindException: Address already in use: JVM_Bind
	at com.martiansoftware.nailgun.NGServer.run(NGServer.java:426)
	at org.eclim.eclipse.EclimDaemon.start(EclimDaemon.java:160)
	at org.eclim.eclipse.EclimStartup$1$1.run(EclimStartup.java:54)
Caused by: java.net.BindException: Address already in use: JVM_Bind
	at java.net.DualStackPlainSocketImpl.bind0(Native Method)
	at java.net.DualStackPlainSocketImpl.socketBind(DualStackPlainSocketImpl.java:106)
	at java.net.AbstractPlainSocketImpl.bind(AbstractPlainSocketImpl.java:387)
	at java.net.PlainSocketImpl.bind(PlainSocketImpl.java:190)
	at java.net.ServerSocket.bind(ServerSocket.java:375)
	at java.net.ServerSocket.<init>(ServerSocket.java:237)
	at com.martiansoftware.nailgun.NGServer.run(NGServer.java:408)
	... 2 more
