2017-06-27 00:16:50,778 INFO  [org.eclim.eclipse.EclimDaemon] Workspace: /home/paul/Documents/GitHub/EoP/Chap 9
2017-06-27 00:16:50,813 INFO  [org.eclim.eclipse.EclimDaemon] Home: /home/paul/eclipse/java-neon/eclipse/plugins/org.eclim_2.6.0/
2017-06-27 00:16:50,813 INFO  [org.eclim.eclipse.EclimDaemon] Starting eclim...
2017-06-27 00:16:50,834 INFO  [org.eclim.eclipse.EclimDaemon] Loading plugin org.eclim
2017-06-27 00:16:50,844 INFO  [org.eclim.eclipse.EclimDaemon] Loading plugin org.eclim.core
2017-06-27 00:16:51,064 INFO  [org.eclim.plugin.core.CorePlugin] Loading eclim plugins...
2017-06-27 00:16:51,100 INFO  [org.eclim.plugin.core.CorePlugin] Loading plugin org.eclim.wst
2017-06-27 00:16:51,102 INFO  [org.eclim.plugin.core.CorePlugin] Loading plugin org.eclim.jdt
2017-06-27 00:16:51,103 INFO  [org.eclim.plugin.core.CorePlugin] Loading plugin org.eclim.groovy
2017-06-27 00:16:51,103 INFO  [org.eclim.plugin.core.CorePlugin] Loading plugin org.eclim.adt
2017-06-27 00:16:51,104 INFO  [org.eclim.plugin.core.CorePlugin] Plugins loaded.
2017-06-27 00:16:51,105 INFO  [org.eclim.eclipse.EclimDaemon] Loaded plugin org.eclim.core
2017-06-27 00:16:51,109 INFO  [org.eclim.eclipse.EclimDaemon] Waiting on running jobs before starting eclimd...
2017-06-27 00:16:57,110 INFO  [org.eclim.eclipse.EclimDaemon] Jobs finished.
2017-06-27 00:16:57,111 INFO  [org.eclim.eclipse.EclimDaemon] Eclim Server Started on: 127.0.0.1:9091
2017-06-27 00:24:23,842 ERROR [org.eclim.command.Main] Command failed
java.lang.IllegalArgumentException: Project 'Example' not found.
	at org.eclim.plugin.core.util.ProjectUtils.assertExists(ProjectUtils.java:344)
	at org.eclim.plugin.core.project.ProjectManagement.refresh(ProjectManagement.java:368)
	at org.eclim.plugin.core.project.ProjectManagement.refresh(ProjectManagement.java:361)
	at org.eclim.plugin.core.command.project.ProjectBuildCommand.execute(ProjectBuildCommand.java:56)
	at org.eclim.command.Main$1.run(Main.java:100)
	at org.eclipse.swt.widgets.RunnableLock.run(RunnableLock.java:35)
	at org.eclipse.swt.widgets.Synchronizer.runAsyncMessages(Synchronizer.java:182)
	at org.eclipse.swt.widgets.Display.runAsyncMessages(Display.java:4536)
	at org.eclipse.swt.widgets.Display.readAndDispatch(Display.java:4154)
	at org.eclipse.e4.ui.internal.workbench.swt.PartRenderingEngine$4.run(PartRenderingEngine.java:1121)
	at org.eclipse.core.databinding.observable.Realm.runWithDefault(Realm.java:336)
	at org.eclipse.e4.ui.internal.workbench.swt.PartRenderingEngine.run(PartRenderingEngine.java:1022)
	at org.eclipse.e4.ui.internal.workbench.E4Workbench.createAndRunUI(E4Workbench.java:150)
	at org.eclipse.ui.internal.Workbench$5.run(Workbench.java:693)
	at org.eclipse.core.databinding.observable.Realm.runWithDefault(Realm.java:336)
	at org.eclipse.ui.internal.Workbench.createAndRunWorkbench(Workbench.java:610)
	at org.eclipse.ui.PlatformUI.createAndRunWorkbench(PlatformUI.java:148)
	at org.eclipse.ui.internal.ide.application.IDEApplication.start(IDEApplication.java:138)
	at org.eclim.eclipse.EclimApplication.start(EclimApplication.java:128)
	at org.eclipse.equinox.internal.app.EclipseAppHandle.run(EclipseAppHandle.java:196)
	at org.eclipse.core.runtime.internal.adaptor.EclipseAppLauncher.runApplication(EclipseAppLauncher.java:134)
	at org.eclipse.core.runtime.internal.adaptor.EclipseAppLauncher.start(EclipseAppLauncher.java:104)
	at org.eclipse.core.runtime.adaptor.EclipseStarter.run(EclipseStarter.java:388)
	at org.eclipse.core.runtime.adaptor.EclipseStarter.run(EclipseStarter.java:243)
	at sun.reflect.NativeMethodAccessorImpl.invoke0(Native Method)
	at sun.reflect.NativeMethodAccessorImpl.invoke(NativeMethodAccessorImpl.java:62)
	at sun.reflect.DelegatingMethodAccessorImpl.invoke(DelegatingMethodAccessorImpl.java:43)
	at java.lang.reflect.Method.invoke(Method.java:498)
	at org.eclipse.equinox.launcher.Main.invokeFramework(Main.java:673)
	at org.eclipse.equinox.launcher.Main.basicRun(Main.java:610)
	at org.eclipse.equinox.launcher.Main.run(Main.java:1519)
	at org.eclipse.equinox.launcher.Main.main(Main.java:1492)
2017-06-27 00:36:05,916 INFO  [org.eclim.eclipse.EclimDaemon] Shutting down eclim...
2017-06-27 00:36:05,922 INFO  [org.eclim.eclipse.EclimDaemon] Stopping plugin org.eclim.core
2017-06-27 00:36:05,923 INFO  [org.eclim.plugin.core.CorePlugin] Stopping plugin org.eclim.wst
2017-06-27 00:36:05,923 INFO  [org.eclim.plugin.core.CorePlugin] Stopping plugin org.eclim.jdt
2017-06-27 00:36:05,924 INFO  [org.eclim.plugin.core.CorePlugin] Stopping plugin org.eclim.groovy
2017-06-27 00:36:05,924 INFO  [org.eclim.plugin.core.CorePlugin] Stopping plugin org.eclim.adt
2017-06-27 00:36:05,924 INFO  [org.eclim.eclipse.EclimDaemon] Eclim stopped.
